2018-03-23__13:14:02 0.15 0.12 0.09 15.50 47.23℃  normal
2018-03-23__13:14:05 0.15 0.12 0.09 0.99 48.31℃  normal
2018-03-23__13:14:08 0.14 0.12 0.09 1.45 48.31℃  normal
2018-03-23__13:14:10 0.14 0.12 0.09 6.74 47.77℃  normal
2018-03-23__13:14:13 0.13 0.12 0.09 21.68 48.31℃  normal
2018-03-23__13:14:15 0.13 0.12 0.09 1.94 48.85℃  normal
2018-03-23__13:14:18 0.28 0.15 0.10 1.48 48.85℃  normal
2018-03-23__13:14:21 0.25 0.15 0.10 7.11 48.31℃  normal
2018-03-23__13:14:23 0.25 0.15 0.10 20.10 48.31℃  normal
2018-03-23__13:14:26 0.23 0.14 0.10 6.83 48.85℃  normal
2018-03-23__13:14:28 0.23 0.14 0.10 1.46 49.38℃  normal
2018-03-23__13:14:31 0.21 0.14 0.10 2.92 49.38℃  normal
2018-03-23__13:14:34 0.21 0.14 0.10 9.32 48.31℃  normal
2018-03-23__13:14:36 0.20 0.14 0.10 11.28 48.85℃  normal
2018-03-23__13:14:39 0.20 0.14 0.10 5.37 49.38℃  normal
2018-03-23__13:14:42 0.18 0.14 0.09 2.85 49.38℃  normal
2018-03-23__13:14:44 0.18 0.14 0.09 8.02 48.85℃  normal
2018-03-23__13:14:47 0.17 0.13 0.09 22.97 48.85℃  normal
2018-03-23__13:14:50 0.17 0.13 0.09 5.34 49.38℃  normal
2018-03-23__13:14:52 0.15 0.13 0.09 5.69 49.38℃  normal
2018-03-23__13:14:55 0.15 0.13 0.09 22.82 49.38℃  normal
2018-03-23__13:14:57 0.14 0.13 0.09 18.75 49.38℃  normal
2018-03-23__13:15:00 0.14 0.13 0.09 11.60 49.38℃  normal
2018-03-23__13:15:03 0.13 0.13 0.09 5.92 49.38℃  normal
2018-03-23__13:15:05 0.13 0.13 0.09 2.93 49.38℃  normal
2018-03-23__13:15:20 0.32 0.17 0.11 17.16 49.92℃  normal
2018-03-23__13:15:23 0.38 0.18 0.11 1.46 49.38℃  normal
2018-03-23__13:15:26 0.38 0.18 0.11 2.41 49.38℃  normal
2018-03-23__13:15:28 0.35 0.18 0.11 8.34 48.31℃  normal
2018-03-23__13:15:31 0.32 0.18 0.11 19.31 49.38℃  normal
