2018-03-23__10:58:21 1 /  29899 17195 40%
2018-03-23__10:58:21 1 /boot  42 21 51%
2018-03-23__10:58:21 1 /home/myz/pihealth  29899 15744 46%
2018-03-23__10:58:21 1 /home/myz/kk  29899 15744 46%
2018-03-23__10:58:21 0 disk 89739 48704 46.00%
2018-03-23__10:58:23 1 /  29899 17195 40%
2018-03-23__10:58:23 1 /boot  42 21 51%
2018-03-23__10:58:23 1 /home/myz/pihealth  29899 15744 46%
2018-03-23__10:58:23 1 /home/myz/kk  29899 15744 46%
2018-03-23__10:58:23 0 disk 89739 48704 46.00%
2018-03-23__10:58:26 1 /  29899 17195 40%
2018-03-23__10:58:26 1 /boot  42 21 51%
2018-03-23__10:58:26 1 /home/myz/pihealth  29899 15744 46%
2018-03-23__10:58:26 1 /home/myz/kk  29899 15744 46%
2018-03-23__10:58:26 0 disk 89739 48704 46.00%
2018-03-23__10:58:28 1 /  29899 17195 40%
2018-03-23__10:58:28 1 /boot  42 21 51%
2018-03-23__10:58:28 1 /home/myz/pihealth  29899 15744 46%
2018-03-23__10:58:28 1 /home/myz/kk  29899 15744 46%
2018-03-23__10:58:28 0 disk 89739 48704 46.00%
2018-03-23__10:58:30 1 /  29899 17195 40%
2018-03-23__10:58:30 1 /boot  42 21 51%
2018-03-23__10:58:30 1 /home/myz/pihealth  29899 15744 46%
2018-03-23__10:58:30 1 /home/myz/kk  29899 15744 46%
2018-03-23__10:58:30 0 disk 89739 48704 46.00%
2018-03-23__10:58:32 1 /  29899 17195 40%
2018-03-23__10:58:32 1 /boot  42 21 51%
2018-03-23__10:58:32 1 /home/myz/pihealth  29899 15744 46%
2018-03-23__10:58:32 1 /home/myz/kk  29899 15744 46%
2018-03-23__10:58:32 0 disk 89739 48704 46.00%
2018-03-23__10:58:34 1 /  29899 17195 40%
2018-03-23__10:58:34 1 /boot  42 21 51%
2018-03-23__10:58:34 1 /home/myz/pihealth  29899 15744 46%
2018-03-23__10:58:34 1 /home/myz/kk  29899 15744 46%
2018-03-23__10:58:34 0 disk 89739 48704 46.00%
2018-03-23__10:58:36 1 /  29899 17195 40%
2018-03-23__10:58:36 1 /boot  42 21 51%
2018-03-23__10:58:36 1 /home/myz/pihealth  29899 15744 46%
2018-03-23__10:58:36 1 /home/myz/kk  29899 15744 46%
2018-03-23__10:58:36 0 disk 89739 48704 46.00%
2018-03-23__10:58:38 1 /  29899 17195 40%
2018-03-23__10:58:38 1 /boot  42 21 51%
2018-03-23__10:58:38 1 /home/myz/pihealth  29899 15744 46%
2018-03-23__10:58:38 1 /home/myz/kk  29899 15744 46%
2018-03-23__10:58:38 0 disk 89739 48704 46.00%
2018-03-23__10:58:40 1 /  29899 17195 40%
2018-03-23__10:58:40 1 /boot  42 21 51%
2018-03-23__10:58:40 1 /home/myz/pihealth  29899 15744 46%
2018-03-23__10:58:40 1 /home/myz/kk  29899 15744 46%
2018-03-23__10:58:40 0 disk 89739 48704 46.00%
2018-03-23__10:58:42 1 /  29899 17195 40%
2018-03-23__10:58:42 1 /boot  42 21 51%
2018-03-23__10:58:42 1 /home/myz/pihealth  29899 15744 46%
2018-03-23__10:58:42 1 /home/myz/kk  29899 15744 46%
2018-03-23__10:58:42 0 disk 89739 48704 46.00%
2018-03-23__10:58:44 1 /  29899 17195 40%
2018-03-23__10:58:44 1 /boot  42 21 51%
2018-03-23__10:58:44 1 /home/myz/pihealth  29899 15744 46%
2018-03-23__10:58:44 1 /home/myz/kk  29899 15744 46%
2018-03-23__10:58:44 0 disk 89739 48704 46.00%
2018-03-23__10:58:46 1 /  29899 17195 40%
2018-03-23__10:58:46 1 /boot  42 21 51%
2018-03-23__10:58:46 1 /home/myz/pihealth  29899 15744 46%
2018-03-23__10:58:46 1 /home/myz/kk  29899 15744 46%
2018-03-23__10:58:46 0 disk 89739 48704 46.00%
2018-03-23__10:58:48 1 /  29899 17195 40%
2018-03-23__10:58:48 1 /boot  42 21 51%
2018-03-23__10:58:48 1 /home/myz/pihealth  29899 15744 46%
2018-03-23__10:58:48 1 /home/myz/kk  29899 15744 46%
2018-03-23__10:58:48 0 disk 89739 48704 46.00%
2018-03-23__10:58:50 1 /  29899 17195 40%
2018-03-23__10:58:50 1 /boot  42 21 51%
2018-03-23__10:58:50 1 /home/myz/pihealth  29899 15744 46%
2018-03-23__10:58:50 1 /home/myz/kk  29899 15744 46%
2018-03-23__10:58:50 0 disk 89739 48704 46.00%
2018-03-23__10:58:53 1 /  29899 17195 40%
2018-03-23__10:58:53 1 /boot  42 21 51%
2018-03-23__10:58:53 1 /home/myz/pihealth  29899 15744 46%
2018-03-23__10:58:53 1 /home/myz/kk  29899 15744 46%
2018-03-23__10:58:53 0 disk 89739 48704 46.00%
2018-03-23__10:58:55 1 /  29899 17195 40%
2018-03-23__10:58:55 1 /boot  42 21 51%
2018-03-23__10:58:55 1 /home/myz/pihealth  29899 15744 46%
2018-03-23__10:58:55 1 /home/myz/kk  29899 15744 46%
2018-03-23__10:58:55 0 disk 89739 48704 46.00%
2018-03-23__10:58:57 1 /  29899 17195 40%
2018-03-23__10:58:57 1 /boot  42 21 51%
2018-03-23__10:58:57 1 /home/myz/pihealth  29899 15744 46%
2018-03-23__10:58:57 1 /home/myz/kk  29899 15744 46%
2018-03-23__10:58:57 0 disk 89739 48704 46.00%
2018-03-23__10:58:59 1 /  29899 17195 40%
2018-03-23__10:58:59 1 /boot  42 21 51%
2018-03-23__10:58:59 1 /home/myz/pihealth  29899 15744 46%
2018-03-23__10:58:59 1 /home/myz/kk  29899 15744 46%
2018-03-23__10:58:59 0 disk 89739 48704 46.00%
2018-03-23__10:59:01 1 /  29899 17195 40%
2018-03-23__10:59:01 1 /boot  42 21 51%
2018-03-23__10:59:01 1 /home/myz/pihealth  29899 15744 46%
2018-03-23__10:59:01 1 /home/myz/kk  29899 15744 46%
2018-03-23__10:59:01 0 disk 89739 48704 46.00%
2018-03-23__13:14:02 1 /  29899 17195 40%
2018-03-23__13:14:02 1 /boot  42 21 51%
2018-03-23__13:14:02 1 /home/myz/pihealth  29899 15740 46%
2018-03-23__13:14:02 1 /home/myz/kk  29899 15740 46%
2018-03-23__13:14:02 0 disk 89739 48696 46.00%
2018-03-23__13:14:04 1 /  29899 17195 40%
2018-03-23__13:14:04 1 /boot  42 21 51%
2018-03-23__13:14:04 1 /home/myz/pihealth  29899 15740 46%
2018-03-23__13:14:04 1 /home/myz/kk  29899 15740 46%
2018-03-23__13:14:04 0 disk 89739 48696 46.00%
2018-03-23__13:14:07 1 /  29899 17195 40%
2018-03-23__13:14:07 1 /boot  42 21 51%
2018-03-23__13:14:07 1 /home/myz/pihealth  29899 15740 46%
2018-03-23__13:14:07 1 /home/myz/kk  29899 15740 46%
2018-03-23__13:14:07 0 disk 89739 48696 46.00%
2018-03-23__13:14:09 1 /  29899 17195 40%
2018-03-23__13:14:09 1 /boot  42 21 51%
2018-03-23__13:14:09 1 /home/myz/pihealth  29899 15740 46%
2018-03-23__13:14:09 1 /home/myz/kk  29899 15740 46%
2018-03-23__13:14:09 0 disk 89739 48696 46.00%
2018-03-23__13:14:11 1 /  29899 17195 40%
2018-03-23__13:14:11 1 /boot  42 21 51%
2018-03-23__13:14:11 1 /home/myz/pihealth  29899 15740 46%
2018-03-23__13:14:11 1 /home/myz/kk  29899 15740 46%
2018-03-23__13:14:11 0 disk 89739 48696 46.00%
2018-03-23__13:14:13 1 /  29899 17195 40%
2018-03-23__13:14:13 1 /boot  42 21 51%
2018-03-23__13:14:13 1 /home/myz/pihealth  29899 15740 46%
2018-03-23__13:14:13 1 /home/myz/kk  29899 15740 46%
2018-03-23__13:14:13 0 disk 89739 48696 46.00%
2018-03-23__13:14:15 1 /  29899 17195 40%
2018-03-23__13:14:15 1 /boot  42 21 51%
2018-03-23__13:14:15 1 /home/myz/pihealth  29899 15740 46%
2018-03-23__13:14:15 1 /home/myz/kk  29899 15740 46%
2018-03-23__13:14:15 0 disk 89739 48696 46.00%
2018-03-23__13:14:17 1 /  29899 17195 40%
2018-03-23__13:14:17 1 /boot  42 21 51%
2018-03-23__13:14:17 1 /home/myz/pihealth  29899 15740 46%
2018-03-23__13:14:17 1 /home/myz/kk  29899 15740 46%
2018-03-23__13:14:17 0 disk 89739 48696 46.00%
2018-03-23__13:14:19 1 /  29899 17195 40%
2018-03-23__13:14:19 1 /boot  42 21 51%
2018-03-23__13:14:19 1 /home/myz/pihealth  29899 15740 46%
2018-03-23__13:14:19 1 /home/myz/kk  29899 15740 46%
2018-03-23__13:14:19 0 disk 89739 48696 46.00%
2018-03-23__13:14:21 1 /  29899 17195 40%
2018-03-23__13:14:21 1 /boot  42 21 51%
2018-03-23__13:14:21 1 /home/myz/pihealth  29899 15740 46%
2018-03-23__13:14:21 1 /home/myz/kk  29899 15740 46%
2018-03-23__13:14:21 0 disk 89739 48696 46.00%
2018-03-23__13:14:23 1 /  29899 17195 40%
2018-03-23__13:14:23 1 /boot  42 21 51%
2018-03-23__13:14:23 1 /home/myz/pihealth  29899 15740 46%
2018-03-23__13:14:23 1 /home/myz/kk  29899 15740 46%
2018-03-23__13:14:23 0 disk 89739 48696 46.00%
2018-03-23__13:14:25 1 /  29899 17195 40%
2018-03-23__13:14:25 1 /boot  42 21 51%
2018-03-23__13:14:25 1 /home/myz/pihealth  29899 15740 46%
2018-03-23__13:14:25 1 /home/myz/kk  29899 15740 46%
2018-03-23__13:14:25 0 disk 89739 48696 46.00%
2018-03-23__13:14:28 1 /  29899 17195 40%
2018-03-23__13:14:28 1 /boot  42 21 51%
2018-03-23__13:14:28 1 /home/myz/pihealth  29899 15740 46%
2018-03-23__13:14:28 1 /home/myz/kk  29899 15740 46%
2018-03-23__13:14:28 0 disk 89739 48696 46.00%
2018-03-23__13:14:30 1 /  29899 17195 40%
2018-03-23__13:14:30 1 /boot  42 21 51%
2018-03-23__13:14:30 1 /home/myz/pihealth  29899 15740 46%
2018-03-23__13:14:30 1 /home/myz/kk  29899 15740 46%
2018-03-23__13:14:30 0 disk 89739 48696 46.00%
2018-03-23__13:14:32 1 /  29899 17195 40%
2018-03-23__13:14:32 1 /boot  42 21 51%
2018-03-23__13:14:32 1 /home/myz/pihealth  29899 15740 46%
2018-03-23__13:14:32 1 /home/myz/kk  29899 15740 46%
2018-03-23__13:14:32 0 disk 89739 48696 46.00%
2018-03-23__13:14:34 1 /  29899 17195 40%
2018-03-23__13:14:34 1 /boot  42 21 51%
2018-03-23__13:14:34 1 /home/myz/pihealth  29899 15740 46%
2018-03-23__13:14:34 1 /home/myz/kk  29899 15740 46%
2018-03-23__13:14:34 0 disk 89739 48696 46.00%
2018-03-23__13:14:36 1 /  29899 17195 40%
2018-03-23__13:14:36 1 /boot  42 21 51%
2018-03-23__13:14:36 1 /home/myz/pihealth  29899 15739 46%
2018-03-23__13:14:36 1 /home/myz/kk  29899 15739 46%
2018-03-23__13:14:36 0 disk 89739 48694 46.00%
2018-03-23__13:14:38 1 /  29899 17195 40%
2018-03-23__13:14:38 1 /boot  42 21 51%
2018-03-23__13:14:38 1 /home/myz/pihealth  29899 15739 46%
2018-03-23__13:14:38 1 /home/myz/kk  29899 15739 46%
2018-03-23__13:14:38 0 disk 89739 48694 46.00%
2018-03-23__13:14:40 1 /  29899 17195 40%
2018-03-23__13:14:40 1 /boot  42 21 51%
2018-03-23__13:14:40 1 /home/myz/pihealth  29899 15739 46%
2018-03-23__13:14:40 1 /home/myz/kk  29899 15739 46%
2018-03-23__13:14:40 0 disk 89739 48694 46.00%
2018-03-23__13:14:42 1 /  29899 17195 40%
2018-03-23__13:14:42 1 /boot  42 21 51%
2018-03-23__13:14:42 1 /home/myz/pihealth  29899 15739 46%
2018-03-23__13:14:42 1 /home/myz/kk  29899 15739 46%
2018-03-23__13:14:42 0 disk 89739 48694 46.00%
2018-03-23__13:14:44 1 /  29899 17195 40%
2018-03-23__13:14:44 1 /boot  42 21 51%
2018-03-23__13:14:44 1 /home/myz/pihealth  29899 15739 46%
2018-03-23__13:14:44 1 /home/myz/kk  29899 15739 46%
2018-03-23__13:14:44 0 disk 89739 48694 46.00%
2018-03-23__13:14:46 1 /  29899 17195 40%
2018-03-23__13:14:46 1 /boot  42 21 51%
2018-03-23__13:14:46 1 /home/myz/pihealth  29899 15739 46%
2018-03-23__13:14:46 1 /home/myz/kk  29899 15739 46%
2018-03-23__13:14:46 0 disk 89739 48694 46.00%
2018-03-23__13:14:48 1 /  29899 17195 40%
2018-03-23__13:14:48 1 /boot  42 21 51%
2018-03-23__13:14:48 1 /home/myz/pihealth  29899 15739 46%
2018-03-23__13:14:48 1 /home/myz/kk  29899 15739 46%
2018-03-23__13:14:48 0 disk 89739 48694 46.00%
2018-03-23__13:14:51 1 /  29899 17195 40%
2018-03-23__13:14:51 1 /boot  42 21 51%
2018-03-23__13:14:51 1 /home/myz/pihealth  29899 15739 46%
2018-03-23__13:14:51 1 /home/myz/kk  29899 15739 46%
2018-03-23__13:14:51 0 disk 89739 48694 46.00%
2018-03-23__13:14:53 1 /  29899 17195 40%
2018-03-23__13:14:53 1 /boot  42 21 51%
2018-03-23__13:14:53 1 /home/myz/pihealth  29899 15739 46%
2018-03-23__13:14:53 1 /home/myz/kk  29899 15739 46%
2018-03-23__13:14:53 0 disk 89739 48694 46.00%
2018-03-23__13:14:55 1 /  29899 17195 40%
2018-03-23__13:14:55 1 /boot  42 21 51%
2018-03-23__13:14:55 1 /home/myz/pihealth  29899 15739 46%
2018-03-23__13:14:55 1 /home/myz/kk  29899 15739 46%
2018-03-23__13:14:55 0 disk 89739 48694 46.00%
2018-03-23__13:14:57 1 /  29899 17195 40%
2018-03-23__13:14:57 1 /boot  42 21 51%
2018-03-23__13:14:57 1 /home/myz/pihealth  29899 15740 46%
2018-03-23__13:14:57 1 /home/myz/kk  29899 15740 46%
2018-03-23__13:14:57 0 disk 89739 48696 46.00%
2018-03-23__13:14:59 1 /  29899 17195 40%
2018-03-23__13:14:59 1 /boot  42 21 51%
2018-03-23__13:14:59 1 /home/myz/pihealth  29899 15740 46%
2018-03-23__13:14:59 1 /home/myz/kk  29899 15740 46%
2018-03-23__13:14:59 0 disk 89739 48696 46.00%
2018-03-23__13:15:01 1 /  29899 17195 40%
2018-03-23__13:15:01 1 /boot  42 21 51%
2018-03-23__13:15:01 1 /home/myz/pihealth  29899 15740 46%
2018-03-23__13:15:01 1 /home/myz/kk  29899 15740 46%
2018-03-23__13:15:01 0 disk 89739 48696 46.00%
2018-03-23__13:15:03 1 /  29899 17195 40%
2018-03-23__13:15:03 1 /boot  42 21 51%
2018-03-23__13:15:03 1 /home/myz/pihealth  29899 15740 46%
2018-03-23__13:15:03 1 /home/myz/kk  29899 15740 46%
2018-03-23__13:15:03 0 disk 89739 48696 46.00%
2018-03-23__13:15:05 1 /  29899 17195 40%
2018-03-23__13:15:05 1 /boot  42 21 51%
2018-03-23__13:15:05 1 /home/myz/pihealth  29899 15739 46%
2018-03-23__13:15:05 1 /home/myz/kk  29899 15739 46%
2018-03-23__13:15:05 0 disk 89739 48694 46.00%
2018-03-23__13:15:07 1 /  29899 17195 40%
2018-03-23__13:15:07 1 /boot  42 21 51%
2018-03-23__13:15:07 1 /home/myz/pihealth  29899 15739 46%
2018-03-23__13:15:07 1 /home/myz/kk  29899 15739 46%
2018-03-23__13:15:07 0 disk 89739 48694 46.00%
2018-03-23__13:15:09 1 /  29899 17195 40%
2018-03-23__13:15:09 1 /boot  42 21 51%
2018-03-23__13:15:09 1 /home/myz/pihealth  29899 15739 46%
2018-03-23__13:15:09 1 /home/myz/kk  29899 15739 46%
2018-03-23__13:15:09 0 disk 89739 48694 46.00%
2018-03-23__13:15:12 1 /  29899 17195 40%
2018-03-23__13:15:12 1 /boot  42 21 51%
2018-03-23__13:15:12 1 /home/myz/pihealth  29899 15739 46%
2018-03-23__13:15:12 1 /home/myz/kk  29899 15739 46%
2018-03-23__13:15:12 0 disk 89739 48694 46.00%
2018-03-23__13:15:14 1 /  29899 17195 40%
2018-03-23__13:15:14 1 /boot  42 21 51%
2018-03-23__13:15:14 1 /home/myz/pihealth  29899 15739 46%
2018-03-23__13:15:14 1 /home/myz/kk  29899 15739 46%
2018-03-23__13:15:14 0 disk 89739 48694 46.00%
2018-03-23__13:15:20 1 /  29899 17195 40%
2018-03-23__13:15:20 1 /boot  42 21 51%
2018-03-23__13:15:20 1 /home/myz/pihealth  29899 15739 46%
2018-03-23__13:15:20 1 /home/myz/kk  29899 15739 46%
2018-03-23__13:15:20 0 disk 89739 48694 46.00%
2018-03-23__13:15:22 1 /  29899 17195 40%
2018-03-23__13:15:22 1 /boot  42 21 51%
2018-03-23__13:15:22 1 /home/myz/pihealth  29899 15739 46%
2018-03-23__13:15:22 1 /home/myz/kk  29899 15739 46%
2018-03-23__13:15:22 0 disk 89739 48694 46.00%
2018-03-23__13:15:24 1 /  29899 17195 40%
2018-03-23__13:15:24 1 /boot  42 21 51%
2018-03-23__13:15:24 1 /home/myz/pihealth  29899 15739 46%
2018-03-23__13:15:24 1 /home/myz/kk  29899 15739 46%
2018-03-23__13:15:24 0 disk 89739 48694 46.00%
2018-03-23__13:15:27 1 /  29899 17195 40%
2018-03-23__13:15:27 1 /boot  42 21 51%
2018-03-23__13:15:27 1 /home/myz/pihealth  29899 15739 46%
2018-03-23__13:15:27 1 /home/myz/kk  29899 15739 46%
2018-03-23__13:15:27 0 disk 89739 48694 46.00%
2018-03-23__13:15:29 1 /  29899 17195 40%
2018-03-23__13:15:29 1 /boot  42 21 51%
2018-03-23__13:15:29 1 /home/myz/pihealth  29899 15739 46%
2018-03-23__13:15:29 1 /home/myz/kk  29899 15739 46%
2018-03-23__13:15:29 0 disk 89739 48694 46.00%
