10:58:23-03-23__10:58:23 927 760 .09 .090
10:58:27-03-23__10:58:27 927 760 .09 .090
10:58:32-03-23__10:58:32 927 759 .09 .090
10:58:36-03-23__10:58:36 927 759 .09 .090
10:58:40-03-23__10:58:40 927 759 .09 .090
10:58:44-03-23__10:58:44 927 760 .09 .090
10:58:48-03-23__10:58:48 927 760 .09 .090
10:58:52-03-23__10:58:52 927 760 .09 .090
10:58:56-03-23__10:58:56 927 760 .09 .090
10:59:00-03-23__10:59:00 927 760 .09 .090
13:14:04-03-23__13:14:04 927 759 .09 .098
13:14:08-03-23__13:14:08 927 760 .09 .090
13:14:13-03-23__13:14:13 927 760 .09 .090
13:14:17-03-23__13:14:17 927 760 .09 .090
13:14:21-03-23__13:14:21 927 760 .09 .090
13:14:25-03-23__13:14:25 927 760 .09 .090
13:14:29-03-23__13:14:29 927 759 .09 .090
13:14:33-03-23__13:14:33 927 760 .09 .090
13:14:37-03-23__13:14:37 927 760 .09 .090
13:14:41-03-23__13:14:41 927 760 .09 .090
13:14:45-03-23__13:14:45 927 760 .09 .090
13:14:50-03-23__13:14:50 927 759 .09 .090
13:14:54-03-23__13:14:54 927 760 .09 .090
13:14:58-03-23__13:14:58 927 759 .09 .090
13:15:02-03-23__13:15:02 927 759 .09 .090
