2018-03-23__13:15:33 0.32 0.18 0.11 1.94 49.92℃  normal
2018-03-23__13:15:36 0.29 0.17 0.11 0.98 49.38℃  normal
2018-03-23__13:15:39 0.29 0.17 0.11 11.43 49.38℃  normal
2018-03-23__13:15:41 0.27 0.17 0.11 17.83 49.38℃  normal
2018-03-23__13:15:44 0.27 0.17 0.11 1.94 50.46℃  note
2018-03-23__13:17:48 1.07 1.15 1.31 15.61 51.54℃  note
2018-03-23__13:17:50 1.07 1.15 1.31 36.77 52.61℃  note
2018-03-23__13:17:53 1.14 1.16 1.31 19.53 53.15℃  note
2018-03-23__13:17:56 1.14 1.16 1.31 40.69 52.07℃  note
2018-03-23__13:17:58 1.05 1.14 1.31 92.46 51.54℃  note
2018-03-23__13:18:01 1.05 1.14 1.31 12.76 52.61℃  note
2018-03-23__13:18:04 0.96 1.12 1.30 12.69 51.54℃  note
2018-03-23__13:18:06 0.97 1.12 1.30 15.54 53.69℃  note
2018-03-23__13:18:09 0.97 1.12 1.30 29.47 52.07℃  note
2018-03-23__13:18:11 0.89 1.10 1.29 48.08 52.07℃  note
2018-03-23__13:18:14 0.89 1.10 1.29 31.19 52.07℃  note
2018-03-23__13:18:17 0.98 1.12 1.29 13.24 53.15℃  note
2018-03-23__13:18:19 0.98 1.12 1.29 45.00 53.69℃  note
2018-03-23__13:18:22 0.90 1.10 1.29 18.58 52.61℃  note
2018-03-23__13:18:25 0.90 1.10 1.29 33.98 52.61℃  note
2018-03-23__13:18:27 0.91 1.10 1.28 20.10 52.61℃  note
2018-03-23__13:18:30 0.91 1.10 1.28 25.62 53.69℃  note
2018-03-23__13:18:32 0.84 1.08 1.28 40.52 53.69℃  note
2018-03-23__13:18:35 0.84 1.08 1.28 17.40 53.15℃  note
2018-03-23__13:18:38 1.01 1.11 1.29 60.49 52.61℃  note
2018-03-23__13:18:40 1.01 1.11 1.29 4.91 53.15℃  note
2018-03-23__13:18:43 1.09 1.13 1.29 39.71 53.69℃  note
2018-03-23__13:18:45 1.09 1.13 1.29 30.35 53.69℃  note
2018-03-23__13:18:48 1.16 1.14 1.29 41.04 51.54℃  note
2018-03-23__13:18:51 1.16 1.14 1.29 32.52 52.61℃  note
2018-03-23__13:18:53 1.15 1.14 1.29 4.29 53.15℃  note
2018-03-23__13:18:56 1.15 1.14 1.29 25.00 53.15℃  note
2018-03-23__13:18:59 1.06 1.12 1.28 36.54 53.15℃  note
2018-03-23__13:19:01 0.97 1.10 1.28 39.91 52.61℃  note
2018-03-23__13:19:04 0.97 1.10 1.28 40.11 52.61℃  note
2018-03-23__13:19:06 0.89 1.08 1.27 19.22 53.69℃  note
2018-03-23__13:19:09 0.89 1.08 1.27 52.69 52.61℃  note
2018-03-23__13:19:12 0.90 1.08 1.27 41.67 52.07℃  note
2018-03-23__13:19:14 0.90 1.08 1.27 24.77 52.61℃  note
2018-03-23__13:19:17 0.83 1.06 1.26 34.33 52.61℃  note
2018-03-23__13:19:19 0.83 1.06 1.26 13.11 53.69℃  note
2018-03-23__13:19:22 0.76 1.04 1.25 42.86 52.07℃  note
2018-03-23__13:19:25 0.76 1.04 1.25 60.40 53.15℃  note
2018-03-23__13:19:27 0.78 1.04 1.25 24.40 51.54℃  note
2018-03-23__13:19:30 0.78 1.04 1.25 39.43 52.61℃  note
2018-03-23__13:19:33 0.88 1.06 1.26 1.97 53.69℃  note
2018-03-23__13:19:35 0.88 1.06 1.26 47.60 53.15℃  note
2018-03-23__13:19:38 1.05 1.09 1.27 43.22 53.15℃  note
2018-03-23__13:19:40 1.05 1.09 1.27 20.30 52.61℃  note
2018-03-23__13:19:43 1.29 1.14 1.28 29.36 53.69℃  note
