2018-03-23__13:15:31 1 /  29899 17195 40%
2018-03-23__13:15:31 1 /boot  42 21 51%
2018-03-23__13:15:31 1 /home/myz/pihealth  29899 15739 46%
2018-03-23__13:15:31 1 /home/myz/kk  29899 15739 46%
2018-03-23__13:15:31 0 disk 89739 48694 46.00%
2018-03-23__13:15:33 1 /  29899 17195 40%
2018-03-23__13:15:33 1 /boot  42 21 51%
2018-03-23__13:15:33 1 /home/myz/pihealth  29899 15739 46%
2018-03-23__13:15:33 1 /home/myz/kk  29899 15739 46%
2018-03-23__13:15:33 0 disk 89739 48694 46.00%
2018-03-23__13:15:35 1 /  29899 17195 40%
2018-03-23__13:15:35 1 /boot  42 21 51%
2018-03-23__13:15:35 1 /home/myz/pihealth  29899 15739 46%
2018-03-23__13:15:35 1 /home/myz/kk  29899 15739 46%
2018-03-23__13:15:35 0 disk 89739 48694 46.00%
2018-03-23__13:15:37 1 /  29899 17195 40%
2018-03-23__13:15:37 1 /boot  42 21 51%
2018-03-23__13:15:37 1 /home/myz/pihealth  29899 15739 46%
2018-03-23__13:15:37 1 /home/myz/kk  29899 15739 46%
2018-03-23__13:15:37 0 disk 89739 48694 46.00%
2018-03-23__13:15:39 1 /  29899 17195 40%
2018-03-23__13:15:39 1 /boot  42 21 51%
2018-03-23__13:15:39 1 /home/myz/pihealth  29899 15739 46%
2018-03-23__13:15:39 1 /home/myz/kk  29899 15739 46%
2018-03-23__13:15:39 0 disk 89739 48694 46.00%
2018-03-23__13:15:41 1 /  29899 17195 40%
2018-03-23__13:15:41 1 /boot  42 21 51%
2018-03-23__13:15:41 1 /home/myz/pihealth  29899 15739 46%
2018-03-23__13:15:41 1 /home/myz/kk  29899 15739 46%
2018-03-23__13:15:41 0 disk 89739 48694 46.00%
2018-03-23__13:15:43 1 /  29899 17195 40%
2018-03-23__13:15:43 1 /boot  42 21 51%
2018-03-23__13:15:43 1 /home/myz/pihealth  29899 15739 46%
2018-03-23__13:15:43 1 /home/myz/kk  29899 15739 46%
2018-03-23__13:15:43 0 disk 89739 48694 46.00%
2018-03-23__13:15:45 1 /  29899 17195 40%
2018-03-23__13:15:45 1 /boot  42 21 51%
2018-03-23__13:15:45 1 /home/myz/pihealth  29899 15739 46%
2018-03-23__13:15:45 1 /home/myz/kk  29899 15739 46%
2018-03-23__13:15:45 0 disk 89739 48694 46.00%
2018-03-23__13:15:48 1 /  29899 17195 40%
2018-03-23__13:15:48 1 /boot  42 21 51%
2018-03-23__13:15:48 1 /home/myz/pihealth  29899 15739 46%
2018-03-23__13:15:48 1 /home/myz/kk  29899 15739 46%
2018-03-23__13:15:48 0 disk 89739 48694 46.00%
2018-03-23__13:15:50 1 /  29899 17195 40%
2018-03-23__13:15:50 1 /boot  42 21 51%
2018-03-23__13:15:50 1 /home/myz/pihealth  29899 15739 46%
2018-03-23__13:15:50 1 /home/myz/kk  29899 15739 46%
2018-03-23__13:15:50 0 disk 89739 48694 46.00%
2018-03-23__13:17:48 1 /  29899 15739 46%
2018-03-23__13:17:48 1 /boot  42 21 51%
2018-03-23__13:17:48 0 disk 29941 15760 48.00%
2018-03-23__13:17:50 1 /  29899 15739 46%
2018-03-23__13:17:50 1 /boot  42 21 51%
2018-03-23__13:17:50 0 disk 29941 15760 48.00%
2018-03-23__13:17:52 1 /  29899 15739 46%
2018-03-23__13:17:52 1 /boot  42 21 51%
2018-03-23__13:17:52 0 disk 29941 15760 48.00%
2018-03-23__13:17:54 1 /  29899 15739 46%
2018-03-23__13:17:54 1 /boot  42 21 51%
2018-03-23__13:17:54 0 disk 29941 15760 48.00%
2018-03-23__13:17:56 1 /  29899 15739 46%
2018-03-23__13:17:56 1 /boot  42 21 51%
2018-03-23__13:17:56 0 disk 29941 15760 48.00%
2018-03-23__13:17:58 1 /  29899 15739 46%
2018-03-23__13:17:58 1 /boot  42 21 51%
2018-03-23__13:17:58 0 disk 29941 15760 48.00%
2018-03-23__13:18:00 1 /  29899 15739 46%
2018-03-23__13:18:00 1 /boot  42 21 51%
2018-03-23__13:18:00 0 disk 29941 15760 48.00%
2018-03-23__13:18:02 1 /  29899 15739 46%
2018-03-23__13:18:02 1 /boot  42 21 51%
2018-03-23__13:18:02 0 disk 29941 15760 48.00%
2018-03-23__13:18:05 1 /  29899 15739 46%
2018-03-23__13:18:05 1 /boot  42 21 51%
2018-03-23__13:18:05 0 disk 29941 15760 48.00%
2018-03-23__13:18:07 1 /  29899 15739 46%
2018-03-23__13:18:07 1 /boot  42 21 51%
2018-03-23__13:18:07 0 disk 29941 15760 48.00%
2018-03-23__13:18:09 1 /  29899 15739 46%
2018-03-23__13:18:09 1 /boot  42 21 51%
2018-03-23__13:18:09 0 disk 29941 15760 48.00%
2018-03-23__13:18:11 1 /  29899 15739 46%
2018-03-23__13:18:11 1 /boot  42 21 51%
2018-03-23__13:18:11 0 disk 29941 15760 48.00%
2018-03-23__13:18:13 1 /  29899 15739 46%
2018-03-23__13:18:13 1 /boot  42 21 51%
2018-03-23__13:18:13 0 disk 29941 15760 48.00%
2018-03-23__13:18:15 1 /  29899 15739 46%
2018-03-23__13:18:15 1 /boot  42 21 51%
2018-03-23__13:18:15 0 disk 29941 15760 48.00%
2018-03-23__13:18:17 1 /  29899 15739 46%
2018-03-23__13:18:17 1 /boot  42 21 51%
2018-03-23__13:18:17 0 disk 29941 15760 48.00%
2018-03-23__13:18:19 1 /  29899 15739 46%
2018-03-23__13:18:19 1 /boot  42 21 51%
2018-03-23__13:18:19 0 disk 29941 15760 48.00%
2018-03-23__13:18:21 1 /  29899 15739 46%
2018-03-23__13:18:21 1 /boot  42 21 51%
2018-03-23__13:18:21 0 disk 29941 15760 48.00%
2018-03-23__13:18:23 1 /  29899 15739 46%
2018-03-23__13:18:23 1 /boot  42 21 51%
2018-03-23__13:18:23 0 disk 29941 15760 48.00%
2018-03-23__13:18:25 1 /  29899 15739 46%
2018-03-23__13:18:25 1 /boot  42 21 51%
2018-03-23__13:18:25 0 disk 29941 15760 48.00%
2018-03-23__13:18:27 1 /  29899 15739 46%
2018-03-23__13:18:27 1 /boot  42 21 51%
2018-03-23__13:18:27 0 disk 29941 15760 48.00%
2018-03-23__13:18:29 1 /  29899 15739 46%
2018-03-23__13:18:29 1 /boot  42 21 51%
2018-03-23__13:18:29 0 disk 29941 15760 48.00%
2018-03-23__13:18:32 1 /  29899 15739 46%
2018-03-23__13:18:32 1 /boot  42 21 51%
2018-03-23__13:18:32 0 disk 29941 15760 48.00%
2018-03-23__13:18:34 1 /  29899 15739 46%
2018-03-23__13:18:34 1 /boot  42 21 51%
2018-03-23__13:18:34 0 disk 29941 15760 48.00%
2018-03-23__13:18:36 1 /  29899 15739 46%
2018-03-23__13:18:36 1 /boot  42 21 51%
2018-03-23__13:18:36 0 disk 29941 15760 48.00%
2018-03-23__13:18:38 1 /  29899 15739 46%
2018-03-23__13:18:38 1 /boot  42 21 51%
2018-03-23__13:18:38 0 disk 29941 15760 48.00%
2018-03-23__13:18:40 1 /  29899 15739 46%
2018-03-23__13:18:40 1 /boot  42 21 51%
2018-03-23__13:18:40 0 disk 29941 15760 48.00%
2018-03-23__13:18:42 1 /  29899 15739 46%
2018-03-23__13:18:42 1 /boot  42 21 51%
2018-03-23__13:18:42 0 disk 29941 15760 48.00%
2018-03-23__13:18:44 1 /  29899 15739 46%
2018-03-23__13:18:44 1 /boot  42 21 51%
2018-03-23__13:18:44 0 disk 29941 15760 48.00%
2018-03-23__13:18:46 1 /  29899 15739 46%
2018-03-23__13:18:46 1 /boot  42 21 51%
2018-03-23__13:18:46 0 disk 29941 15760 48.00%
2018-03-23__13:18:48 1 /  29899 15739 46%
2018-03-23__13:18:48 1 /boot  42 21 51%
2018-03-23__13:18:48 0 disk 29941 15760 48.00%
2018-03-23__13:18:50 1 /  29899 15739 46%
2018-03-23__13:18:50 1 /boot  42 21 51%
2018-03-23__13:18:50 0 disk 29941 15760 48.00%
2018-03-23__13:18:52 1 /  29899 15739 46%
2018-03-23__13:18:52 1 /boot  42 21 51%
2018-03-23__13:18:52 0 disk 29941 15760 48.00%
2018-03-23__13:18:54 1 /  29899 15739 46%
2018-03-23__13:18:54 1 /boot  42 21 51%
2018-03-23__13:18:54 0 disk 29941 15760 48.00%
2018-03-23__13:18:56 1 /  29899 15739 46%
2018-03-23__13:18:56 1 /boot  42 21 51%
2018-03-23__13:18:56 0 disk 29941 15760 48.00%
2018-03-23__13:18:58 1 /  29899 15739 46%
2018-03-23__13:18:58 1 /boot  42 21 51%
2018-03-23__13:18:58 0 disk 29941 15760 48.00%
2018-03-23__13:19:00 1 /  29899 15739 46%
2018-03-23__13:19:00 1 /boot  42 21 51%
2018-03-23__13:19:00 0 disk 29941 15760 48.00%
2018-03-23__13:19:02 1 /  29899 15739 46%
2018-03-23__13:19:02 1 /boot  42 21 51%
2018-03-23__13:19:02 0 disk 29941 15760 48.00%
2018-03-23__13:19:05 1 /  29899 15739 46%
2018-03-23__13:19:05 1 /boot  42 21 51%
2018-03-23__13:19:05 0 disk 29941 15760 48.00%
2018-03-23__13:19:07 1 /  29899 15739 46%
2018-03-23__13:19:07 1 /boot  42 21 51%
2018-03-23__13:19:07 0 disk 29941 15760 48.00%
2018-03-23__13:19:09 1 /  29899 15739 46%
2018-03-23__13:19:09 1 /boot  42 21 51%
2018-03-23__13:19:09 0 disk 29941 15760 48.00%
2018-03-23__13:19:11 1 /  29899 15739 46%
2018-03-23__13:19:11 1 /boot  42 21 51%
2018-03-23__13:19:11 0 disk 29941 15760 48.00%
2018-03-23__13:19:13 1 /  29899 15739 46%
2018-03-23__13:19:13 1 /boot  42 21 51%
2018-03-23__13:19:13 0 disk 29941 15760 48.00%
2018-03-23__13:19:15 1 /  29899 15739 46%
2018-03-23__13:19:15 1 /boot  42 21 51%
2018-03-23__13:19:15 0 disk 29941 15760 48.00%
2018-03-23__13:19:17 1 /  29899 15739 46%
2018-03-23__13:19:17 1 /boot  42 21 51%
2018-03-23__13:19:17 0 disk 29941 15760 48.00%
2018-03-23__13:19:19 1 /  29899 15739 46%
2018-03-23__13:19:19 1 /boot  42 21 51%
2018-03-23__13:19:19 0 disk 29941 15760 48.00%
2018-03-23__13:19:21 1 /  29899 15739 46%
2018-03-23__13:19:21 1 /boot  42 21 51%
2018-03-23__13:19:21 0 disk 29941 15760 48.00%
2018-03-23__13:19:23 1 /  29899 15739 46%
2018-03-23__13:19:23 1 /boot  42 21 51%
2018-03-23__13:19:23 0 disk 29941 15760 48.00%
2018-03-23__13:19:25 1 /  29899 15739 46%
2018-03-23__13:19:25 1 /boot  42 21 51%
2018-03-23__13:19:25 0 disk 29941 15760 48.00%
2018-03-23__13:19:27 1 /  29899 15739 46%
2018-03-23__13:19:27 1 /boot  42 21 51%
2018-03-23__13:19:27 0 disk 29941 15760 48.00%
2018-03-23__13:19:29 1 /  29899 15739 46%
2018-03-23__13:19:29 1 /boot  42 21 51%
2018-03-23__13:19:29 0 disk 29941 15760 48.00%
