13:15:22-03-23__13:15:22 927 760 .09 .090
13:15:26-03-23__13:15:26 927 760 .09 .090
13:15:31-03-23__13:15:31 927 760 .09 .090
13:15:35-03-23__13:15:35 927 760 .09 .090
13:15:39-03-23__13:15:39 927 760 .09 .090
13:17:50-03-23__13:17:50 927 668 .21 .210
13:17:54-03-23__13:17:54 927 669 .21 .210
13:17:58-03-23__13:17:58 927 667 .21 .210
13:18:02-03-23__13:18:02 927 669 .21 .210
13:18:06-03-23__13:18:06 927 669 .21 .210
13:18:10-03-23__13:18:10 927 668 .21 .210
13:18:14-03-23__13:18:14 927 667 .21 .210
13:18:19-03-23__13:18:19 927 667 .21 .210
13:18:23-03-23__13:18:23 927 668 .21 .210
13:18:27-03-23__13:18:27 927 668 .21 .210
13:18:31-03-23__13:18:31 927 668 .21 .210
13:18:35-03-23__13:18:35 927 668 .21 .210
13:18:39-03-23__13:18:39 927 666 .21 .210
13:18:43-03-23__13:18:43 927 667 .21 .210
13:18:47-03-23__13:18:47 927 668 .21 .210
13:18:51-03-23__13:18:51 927 667 .21 .210
13:18:55-03-23__13:18:55 927 667 .21 .210
13:18:59-03-23__13:18:59 927 668 .21 .210
13:19:04-03-23__13:19:04 927 668 .21 .210
13:19:08-03-23__13:19:08 927 668 .21 .210
13:19:12-03-23__13:19:12 927 667 .21 .210
13:19:16-03-23__13:19:16 927 667 .21 .210
13:19:20-03-23__13:19:20 927 668 .21 .210
13:19:24-03-23__13:19:24 927 665 .21 .210
13:19:28-03-23__13:19:28 927 667 .21 .210
